<?xml version="1.0" encoding="UTF-8"?>
<testng-results skipped="0" failed="0" ignored="0" total="1" passed="1">
  <reporter-output>
  </reporter-output>
  <suite name="Default suite" duration-ms="604" started-at="2019-08-31T06:25:40Z" finished-at="2019-08-31T06:25:40Z">
    <groups>
    </groups>
    <test name="Default test" duration-ms="604" started-at="2019-08-31T06:25:40Z" finished-at="2019-08-31T06:25:40Z">
      <class name="com.testng_framework.Annotations_in_TestNg">
        <test-method status="PASS" signature="beforeSuite()[pri:0, instance:com.testng_framework.Annotations_in_TestNg@cc285f4]" name="beforeSuite" is-config="true" duration-ms="68" started-at="2019-08-31T06:25:39Z" finished-at="2019-08-31T06:25:40Z">
          <reporter-output>
          </reporter-output>
        </test-method> <!-- beforeSuite -->
        <test-method status="PASS" signature="beforeTest()[pri:0, instance:com.testng_framework.Annotations_in_TestNg@cc285f4]" name="beforeTest" is-config="true" duration-ms="5" started-at="2019-08-31T06:25:40Z" finished-at="2019-08-31T06:25:40Z">
          <reporter-output>
          </reporter-output>
        </test-method> <!-- beforeTest -->
        <test-method status="PASS" signature="beforeClass()[pri:0, instance:com.testng_framework.Annotations_in_TestNg@cc285f4]" name="beforeClass" is-config="true" duration-ms="1" started-at="2019-08-31T06:25:40Z" finished-at="2019-08-31T06:25:40Z">
          <reporter-output>
          </reporter-output>
        </test-method> <!-- beforeClass -->
        <test-method status="PASS" signature="beforeMethod()[pri:0, instance:com.testng_framework.Annotations_in_TestNg@cc285f4]" name="beforeMethod" is-config="true" duration-ms="3" started-at="2019-08-31T06:25:40Z" finished-at="2019-08-31T06:25:40Z">
          <reporter-output>
          </reporter-output>
        </test-method> <!-- beforeMethod -->
        <test-method status="PASS" signature="f()[pri:0, instance:com.testng_framework.Annotations_in_TestNg@cc285f4]" name="f" duration-ms="66" started-at="2019-08-31T06:25:40Z" finished-at="2019-08-31T06:25:40Z">
          <reporter-output>
          </reporter-output>
        </test-method> <!-- f -->
        <test-method status="PASS" signature="afterMethod()[pri:0, instance:com.testng_framework.Annotations_in_TestNg@cc285f4]" name="afterMethod" is-config="true" duration-ms="2" started-at="2019-08-31T06:25:40Z" finished-at="2019-08-31T06:25:40Z">
          <reporter-output>
          </reporter-output>
        </test-method> <!-- afterMethod -->
        <test-method status="PASS" signature="afterClass()[pri:0, instance:com.testng_framework.Annotations_in_TestNg@cc285f4]" name="afterClass" is-config="true" duration-ms="2" started-at="2019-08-31T06:25:40Z" finished-at="2019-08-31T06:25:40Z">
          <reporter-output>
          </reporter-output>
        </test-method> <!-- afterClass -->
        <test-method status="PASS" signature="afterTest()[pri:0, instance:com.testng_framework.Annotations_in_TestNg@cc285f4]" name="afterTest" is-config="true" duration-ms="15" started-at="2019-08-31T06:25:40Z" finished-at="2019-08-31T06:25:40Z">
          <reporter-output>
          </reporter-output>
        </test-method> <!-- afterTest -->
        <test-method status="PASS" signature="afterSuite()[pri:0, instance:com.testng_framework.Annotations_in_TestNg@cc285f4]" name="afterSuite" is-config="true" duration-ms="1" started-at="2019-08-31T06:25:40Z" finished-at="2019-08-31T06:25:40Z">
          <reporter-output>
          </reporter-output>
        </test-method> <!-- afterSuite -->
      </class> <!-- com.testng_framework.Annotations_in_TestNg -->
    </test> <!-- Default test -->
  </suite> <!-- Default suite -->
</testng-results>
